#
# Copyright 2016-2021 The Reaktivity Project
#
# The Reaktivity Project licenses this file to you under the Apache License,
# version 2.0 (the "License"); you may not use this file except in compliance
# with the License. You may obtain a copy of the License at:
#
#   http://www.apache.org/licenses/LICENSE-2.0
#
# Unless required by applicable law or agreed to in writing, software
# distributed under the License is distributed on an "AS IS" BASIS, WITHOUT
# WARRANTIES OR CONDITIONS OF ANY KIND, either express or implied. See the
# License for the specific language governing permissions and limitations
# under the License.
#

property commandCapacityF00C 1024
property responseCapacityF00C 1024
property nameF00C "example"

property nukleiF00C ${nuklei:directory("target/nukleus-itests").controlCapacity(commandCapacityF00C, responseCapacityF00C)}
property controlF00C ${nukleiF00C.control()}

connect "agrona://stream/bidirectional"
        option agrona:reader ${agrona:broadcastReceiver(controlF00C.controller)}
        option agrona:writer ${agrona:manyToOneWriter(controlF00C.nukleus)}

connected

write 0x00000003
write ${controlF00C.nextCorrelationId()}
write ${core:string(nameF00C)}
write flush

read 0x40000003
read ${controlF00C.correlationId()}

read notify FROZEN

close
closed
