#
# Copyright 2016-2017 The Reaktivity Project
#
# The Reaktivity Project licenses this file to you under the Apache License,
# version 2.0 (the "License"); you may not use this file except in compliance
# with the License. You may obtain a copy of the License at:
#
#   http://www.apache.org/licenses/LICENSE-2.0
#
# Unless required by applicable law or agreed to in writing, software
# distributed under the License is distributed on an "AS IS" BASIS, WITHOUT
# WARRANTIES OR CONDITIONS OF ANY KIND, either express or implied. See the
# License for the specific language governing permissions and limitations
# under the License.
#

property newServerAcceptRef1 ${nuklei:newReferenceId()}
property newServerAcceptRef2 ${nuklei:newReferenceId()}
property newServerConnectRef1 ${newServerAcceptRef1} # external scope
property newServerConnectRef2 ${newServerAcceptRef2} # external scope

property serverConnect "nukleus://target/streams/example#source"
       
accept ${serverConnect}
       option nukleus:route ${newServerConnectRef1}
       option nukleus:window 8192
       option nukleus:transmission "duplex"
       option nukleus:authorization ${streamAuthorization1}
accepted
connected

accept ${serverConnect}
       option nukleus:route ${newServerConnectRef2}
       option nukleus:window 8192
       option nukleus:transmission "duplex"
       option nukleus:authorization ${streamAuthorization2}
accepted

connected

