#
# Copyright 2016-2020 The Reaktivity Project
#
# The Reaktivity Project licenses this file to you under the Apache License,
# version 2.0 (the "License"); you may not use this file except in compliance
# with the License. You may obtain a copy of the License at:
#
#   http://www.apache.org/licenses/LICENSE-2.0
#
# Unless required by applicable law or agreed to in writing, software
# distributed under the License is distributed on an "AS IS" BASIS, WITHOUT
# WARRANTIES OR CONDITIONS OF ANY KIND, either express or implied. See the
# License for the specific language governing permissions and limitations
# under the License.
#

property nukleiURME00N ${nuklei:directory("target/nukleus-itests").controlCapacity(1024, 1024)}

property controlURME00N ${nukleiURME00N.controlNew()}

connect await ROUTED_SERVER
        "agrona://stream/bidirectional"
        option agrona:reader ${agrona:manyToOneReader(controlURME00N.nukleus)}
        option agrona:writer ${agrona:broadcastTransmitter(controlURME00N.controller)}

connected

read 0x00000002
read (long:correlationId1URME00N)
read ${core:string("example")}
read [0..8] # routeId

write 0x40000002
write ${correlationId1URME00N}
write flush

read 0x00000002
read (long:correlationId2URME00N)
read ${core:string("example")}
read [0..8] # routeId

write 0x40000002
write ${correlationId2URME00N}
write flush

close
closed
