#
# Copyright 2016-2018 The Reaktivity Project
#
# The Reaktivity Project licenses this file to you under the Apache License,
# version 2.0 (the "License"); you may not use this file except in compliance
# with the License. You may obtain a copy of the License at:
#
#   http://www.apache.org/licenses/LICENSE-2.0
#
# Unless required by applicable law or agreed to in writing, software
# distributed under the License is distributed on an "AS IS" BASIS, WITHOUT
# WARRANTIES OR CONDITIONS OF ANY KIND, either express or implied. See the
# License for the specific language governing permissions and limitations
# under the License.
#

property newServerRouteId1 ${nukleus:newServerRouteId("example#0", "target#0")} # external
property newServerRouteId2 ${nukleus:newServerRouteId("example#0", "target#0")}

property route1Authorization 0x0001_000000000000L
property route2Authorization 0x0001_000000000001L

property route1Extension "ext1"
property route2Extension "ext2"

property nukleiRME00C ${nuklei:directory("target/nukleus-itests").controlCapacity(1024, 1024)}

property controlRME00C ${nukleiRME00C.control()}

connect "agrona://stream/bidirectional"
        option agrona:reader ${agrona:broadcastReceiver(controlRME00C.controller)}
        option agrona:writer ${agrona:manyToOneWriter(controlRME00C.nukleus)}

connected

write 0x00000001
write ${controlRME00C.nextCorrelationId()}
write ${core:string("example")}
write [0x00]
write ${route1Authorization}
write ${core:string("example#0")}
write ${core:string("target#0")}
write ${route1Extension}
write flush

read 0x40000001
read ${controlRME00C.correlationId()}
read (long:newServerRouteId1)

write 0x00000001
write ${controlRME00C.nextCorrelationId()}
write ${core:string("example")}
write [0x00]
write ${route2Authorization}
write ${core:string("example#0")}
write ${core:string("target#0")}
write ${route2Extension}
write flush

read 0x40000001
read ${controlRME00C.correlationId()}
read (long:newServerRouteId2)

read notify ROUTED_SERVER

close
closed
