#
# Copyright 2016-2019 The Reaktivity Project
#
# The Reaktivity Project licenses this file to you under the Apache License,
# version 2.0 (the "License"); you may not use this file except in compliance
# with the License. You may obtain a copy of the License at:
#
#   http://www.apache.org/licenses/LICENSE-2.0
#
# Unless required by applicable law or agreed to in writing, software
# distributed under the License is distributed on an "AS IS" BASIS, WITHOUT
# WARRANTIES OR CONDITIONS OF ANY KIND, either express or implied. See the
# License for the specific language governing permissions and limitations
# under the License.
#

property nukleiRME00N ${nuklei:directory("target/nukleus-itests").controlCapacity(1024, 1024)}

property controlRME00N ${nukleiRME00N.controlNew()}

property newServerAcceptRefRME00N ${nuklei:newReferenceId()}

property route1Extension "ext1"
property route2Extension "ext2"

connect "agrona://stream/bidirectional"
        option agrona:reader ${agrona:manyToOneReader(controlRME00N.nukleus)}
        option agrona:writer ${agrona:broadcastTransmitter(controlRME00N.controller)}

connected

read 0x00000001
read (long:correlationId1RME00N)
read ${core:string("example")}
read [0x00]
read [0..8] # authorization
read ${core:string("example#0")}
read ${core:string("target#0")}
read ${route1Extension}

write 0x40000001
write ${correlationId1RME00N}
write ${nukleus:newServerRouteId("example#0", "target#0")}
write flush

read 0x00000001
read (long:correlationId2RME00N)
read ${core:string("example")}
read [0x00]
read [0..8] # authorization
read ${core:string("example#0")}
read ${core:string("target#0")}
read ${route2Extension}

write 0x40000001
write ${correlationId2RME00N}
write ${nukleus:newServerRouteId("example#0", "target#0")}
write flush

close
closed
