#
# Copyright 2016-2019 The Reaktivity Project
#
# The Reaktivity Project licenses this file to you under the Apache License,
# version 2.0 (the "License"); you may not use this file except in compliance
# with the License. You may obtain a copy of the License at:
#
#   http://www.apache.org/licenses/LICENSE-2.0
#
# Unless required by applicable law or agreed to in writing, software
# distributed under the License is distributed on an "AS IS" BASIS, WITHOUT
# WARRANTIES OR CONDITIONS OF ANY KIND, either express or implied. See the
# License for the specific language governing permissions and limitations
# under the License.
#

property newClientRouteId ${nukleus:newClientRouteId("example#0", "target#0")} # external

property nukleiR01C ${nuklei:directory("target/nukleus-itests").controlCapacity(1024, 1024)}

property controlR01C ${nukleiR01C.control()}

connect "agrona://stream/bidirectional"
        option agrona:reader ${agrona:broadcastReceiver(controlR01C.controller)}
        option agrona:writer ${agrona:manyToOneWriter(controlR01C.nukleus)}

connected

write 0x00000001
write ${controlR01C.nextCorrelationId()}
write ${core:string("example")}
write [0x01]
write 0L
write ${core:string("example#0")}
write ${core:string("target#0")}
write flush

read 0x40000001
read ${controlR01C.correlationId()}
read (long:newClientRouteId)

read notify ROUTED_CLIENT

close
closed
