#
# Copyright 2016-2020 The Reaktivity Project
#
# The Reaktivity Project licenses this file to you under the Apache License,
# version 2.0 (the "License"); you may not use this file except in compliance
# with the License. You may obtain a copy of the License at:
#
#   http://www.apache.org/licenses/LICENSE-2.0
#
# Unless required by applicable law or agreed to in writing, software
# distributed under the License is distributed on an "AS IS" BASIS, WITHOUT
# WARRANTIES OR CONDITIONS OF ANY KIND, either express or implied. See the
# License for the specific language governing permissions and limitations
# under the License.
#

property nukleiR01N ${nuklei:directory("target/nukleus-itests").controlCapacity(1024, 1024)}

property controlR01N ${nukleiR01N.controlNew()}

connect "agrona://stream/bidirectional"
        option agrona:reader ${agrona:manyToOneReader(controlR01N.nukleus)}
        option agrona:writer ${agrona:broadcastTransmitter(controlR01N.controller)}

connected

read 0x00000001
read (long:correlationIdR01N)
read ${core:string("example")}
read [0x01]
read 0L
read ${core:string("example#0")}
read ${core:string("target#0")}

write 0x40000001
write ${correlationIdR01N}
write ${nukleus:newClientRouteId("example#0", "target#0")}
write flush

close
closed
